proguard/seeds.txt
com.menny.android.anysoftkeyboard.MainSettings
com.menny.android.anysoftkeyboard.AnyApplication
com.menny.android.anysoftkeyboard.SoftKeyboard
...
com.anysoftkeyboard.dictionaries.BinaryDictionary
com.anysoftkeyboard.dictionaries.BinaryDictionary: int openNative(java.io.FileDescriptor,long,long,int,int)
com.anysoftkeyboard.dictionaries.BinaryDictionary: void closeNative(int)
com.anysoftkeyboard.dictionaries.BinaryDictionary: boolean isValidWordNative(int,char[],int)
com.anysoftkeyboard.dictionaries.BinaryDictionary: int getSuggestionsNative(int,int[],int,char[],int[],int,int,int,int)
com.anysoftkeyboard.dictionaries.ResourceBinaryDictionary
com.anysoftkeyboard.dictionaries.ResourceBinaryDictionary: int openNative(java.nio.ByteBuffer,int,int)
com.anysoftkeyboard.dictionaries.ResourceBinaryDictionary: void closeNative(int)
com.anysoftkeyboard.dictionaries.ResourceBinaryDictionary: boolean isValidWordNative(int,char[],int)
com.anysoftkeyboard.dictionaries.ResourceBinaryDictionary: int getSuggestionsNative(int,int[],int,char[],int[],int,int,int,int,int[],int)
com.anysoftkeyboard.dictionaries.ResourceBinaryDictionary: int getBigramsNative(int,char[],int,int[],int,char[],int[],int,int,int)
com.anysoftkeyboard.ui.MySeekBarPreference
com.anysoftkeyboard.ui.MySeekBarPreference: MySeekBarPreference(android.content.Context,android.util.AttributeSet)
com.anysoftkeyboard.keyboards.views.CandidateView
com.anysoftkeyboard.keyboards.views.CandidateView: CandidateView(android.content.Context,android.util.AttributeSet)
com.anysoftkeyboard.devicespecific.FactoryView_V5
com.anysoftkeyboard.devicespecific.FactoryView_V5: FactoryView_V5(android.content.Context,android.util.AttributeSet)
com.anysoftkeyboard.devicespecific.FactoryView_V3: FactoryView_V3(android.content.Context,android.util.AttributeSet)
com.anysoftkeyboard.devicespecific.FactoryView_V3
com.anysoftkeyboard.devicespecific.FactoryView_V3: FactoryView_V3(android.content.Context,android.util.AttributeSet)
com.anysoftkeyboard.devicespecific.FactoryView_V7
com.anysoftkeyboard.devicespecific.FactoryView_V7: FactoryView_V7(android.content.Context,android.util.AttributeSet)
com.anysoftkeyboard.devicespecific.FactoryView_V5: FactoryView_V5(android.content.Context,android.util.AttributeSet)
com.anysoftkeyboard.devicespecific.FactoryView_V3: FactoryView_V3(android.content.Context,android.util.AttributeSet)
com.anysoftkeyboard.devicespecific.FactoryView_V8
com.anysoftkeyboard.devicespecific.FactoryView_V8: FactoryView_V8(android.content.Context,android.util.AttributeSet)
com.anysoftkeyboard.devicespecific.FactoryView_V7: FactoryView_V7(android.content.Context,android.util.AttributeSet)
com.anysoftkeyboard.devicespecific.FactoryView_V5: FactoryView_V5(android.content.Context,android.util.AttributeSet)
com.anysoftkeyboard.devicespecific.FactoryView_V3: FactoryView_V3(android.content.Context,android.util.AttributeSet)
com.anysoftkeyboard.keyboards.views.AnyKeyboardView
com.anysoftkeyboard.keyboards.views.AnyKeyboardView: AnyKeyboardView(android.content.Context,android.util.AttributeSet)
com.anysoftkeyboard.keyboards.views.AnyKeyboardBaseView: AnyKeyboardBaseView(android.content.Context,android.util.AttributeSet)
com.anysoftkeyboard.keyboards.views.AnyKeyboardBaseView
com.anysoftkeyboard.keyboards.views.AnyKeyboardBaseView: AnyKeyboardBaseView(android.content.Context,android.util.AttributeSet)
com.anysoftkeyboard.keyboards.views.CandidateView
com.anysoftkeyboard.keyboards.views.CandidateView: CandidateView(android.content.Context,android.util.AttributeSet,int)
com.anysoftkeyboard.devicespecific.FactoryView_V5
com.anysoftkeyboard.devicespecific.FactoryView_V5: FactoryView_V5(android.content.Context,android.util.AttributeSet,int)
com.anysoftkeyboard.devicespecific.FactoryView_V3: FactoryView_V3(android.content.Context,android.util.AttributeSet,int)
com.anysoftkeyboard.devicespecific.FactoryView_V3
com.anysoftkeyboard.devicespecific.FactoryView_V3: FactoryView_V3(android.content.Context,android.util.AttributeSet,int)