proguard/mapping.txt
com.menny.android.anysoftkeyboard.AnyApplication -> com.menny.android.anysoftkeyboard.AnyApplication:
    com.anysoftkeyboard.Configuration msConfig -> a
    com.anysoftkeyboard.devicespecific.DeviceSpecific msDeviceSpecific -> b
    com.anysoftkeyboard.backup.CloudBackupRequester msCloudBackuper -> c
    void onCreate() -> onCreate
    com.anysoftkeyboard.Configuration getConfig() -> a
    com.anysoftkeyboard.devicespecific.DeviceSpecific getDeviceSpecific() -> b
    void requestBackupToCloud() -> c
com.menny.android.anysoftkeyboard.MainSettings -> com.menny.android.anysoftkeyboard.MainSettings:
com.menny.android.anysoftkeyboard.R -> com.menny.android.anysoftkeyboard.b:
com.menny.android.anysoftkeyboard.R$styleable -> com.menny.android.anysoftkeyboard.a:
    int[] AnyKeyboardBaseView -> a
    int[] Keyboard -> b
    int[] Keyboard_Key -> c
    int[] Keyboard_Row -> d
    int[] keyType -> e
com.menny.android.anysoftkeyboard.SoftKeyboard -> com.menny.android.anysoftkeyboard.SoftKeyboard:
...
com.anysoftkeyboard.devicespecific.WMotionEventV5 -> com.anysoftkeyboard.devicespecific.k:
    int getActionMasked() -> a
    int getPointerCount() -> c
    int getActionIndex() -> b
    int getPointerId(int) -> a
    float getX(int) -> b
    float getY(int) -> c
    int findPointerIndex(int) -> d
com.anysoftkeyboard.devicespecific.WMotionEventV8 -> com.anysoftkeyboard.devicespecific.j:
    int getActionMasked() -> a
    int getActionIndex() -> b
com.anysoftkeyboard.dictionaries.AddableDictionary -> com.anysoftkeyboard.dictionaries.c:
    void addWord(java.lang.String,int) -> a
com.anysoftkeyboard.dictionaries.AndroidUserDictionary -> com.anysoftkeyboard.dictionaries.y:
    java.lang.String[] PROJECTION -> c
    android.database.ContentObserver mObserver -> d
    java.lang.String mLocale -> e
    void closeAllResources() -> c
    void loadDictionary() -> a
    void loadDictionaryAsync() -> d
    void addWords(android.database.Cursor) -> a
    void AddWordToStorage(java.lang.String,int) -> b
com.anysoftkeyboard.dictionaries.AndroidUserDictionary$1 -> com.anysoftkeyboard.dictionaries.f:
    com.anysoftkeyboard.dictionaries.AndroidUserDictionary this$0 -> a
    void onChange(boolean) -> onChange
com.anysoftkeyboard.dictionaries.AutoDictionary -> com.anysoftkeyboard.dictionaries.z:
    com.anysoftkeyboard.AnySoftKeyboard mIme -> c
    java.lang.String mLocale -> d
    java.util.HashMap mPendingWrites -> e
    java.lang.Object mPendingWritesLock -> f
    java.util.HashMap sDictProjectionMap -> g
    com.anysoftkeyboard.dictionaries.AutoDictionary$DatabaseHelper msOpenHelper -> h
    boolean isValidWord(java.lang.CharSequence) -> a
    void close() -> b
    void loadDictionaryAsync() -> d
    void addWord(java.lang.String,int) -> a
    void flushPendingWrites() -> e
    android.database.Cursor query(java.lang.String,java.lang.String[]) -> a
    java.lang.String getLocale() -> f
    void closeAllResources() -> c
    void AddWordToStorage(java.lang.String,int) -> b
com.anysoftkeyboard.dictionaries.AutoDictionary$DatabaseHelper -> com.anysoftkeyboard.dictionaries.r:
    void onCreate(android.database.sqlite.SQLiteDatabase) -> onCreate
    void onUpgrade(android.database.sqlite.SQLiteDatabase,int,int) -> onUpgrade
com.anysoftkeyboard.dictionaries.AutoDictionary$UpdateDbTask -> com.anysoftkeyboard.dictionaries.o:
    java.util.HashMap mMap -> a
    com.anysoftkeyboard.dictionaries.AutoDictionary$DatabaseHelper mDbHelper -> b
    java.lang.String mLocale -> c
    java.lang.Object doInBackground(java.lang.Object[]) -> doInBackground
com.anysoftkeyboard.dictionaries.AutoText -> com.anysoftkeyboard.dictionaries.j:
    char[] mTrie -> a
    char mTrieUsed -> b
    java.lang.String mText -> c
    int mSize -> d
    java.lang.String lookup$2177fe87(java.lang.CharSequence,int) -> a
    void add(java.lang.String,char) -> a
com.anysoftkeyboard.dictionaries.BinaryDictionary -> com.anysoftkeyboard.dictionaries.BinaryDictionary:
    android.content.res.AssetFileDescriptor mAfd -> a
    int mNativeDict -> b
    int[] mInputCodes -> c
    char[] mOutputChars -> d
    int[] mFrequencies -> e
    void loadDictionary() -> a
    int openNative(java.io.FileDescriptor,long,long,int,int) -> openNative
    void closeNative(int) -> closeNative
    boolean isValidWordNative(int,char[],int) -> isValidWordNative
    int getSuggestionsNative(int,int[],int,char[],int[],int,int,int,int) -> getSuggestionsNative
    void getWords(com.anysoftkeyboard.WordComposer,com.anysoftkeyboard.dictionaries.Dictionary$WordCallback) -> a
    boolean isValidWord(java.lang.CharSequence) -> a
    void close() -> b
    void finalize() -> finalize
    android.content.res.AssetFileDescriptor access$0(com.anysoftkeyboard.dictionaries.BinaryDictionary) -> a
    void access$1(com.anysoftkeyboard.dictionaries.BinaryDictionary,android.content.res.AssetFileDescriptor) -> a