proguard/usage.txt
com.menny.android.anysoftkeyboard.AnyApplication:
    public static final boolean DEBUG
    private static final java.lang.String TAG
com.menny.android.anysoftkeyboard.R$anim
com.menny.android.anysoftkeyboard.R$array
com.menny.android.anysoftkeyboard.R$attr
com.menny.android.anysoftkeyboard.R$bool
com.menny.android.anysoftkeyboard.R$color
com.menny.android.anysoftkeyboard.R$dimen
com.menny.android.anysoftkeyboard.R$drawable
com.menny.android.anysoftkeyboard.R$id
com.menny.android.anysoftkeyboard.R$integer
com.menny.android.anysoftkeyboard.R$layout
com.menny.android.anysoftkeyboard.R$raw
com.menny.android.anysoftkeyboard.R$string
com.menny.android.anysoftkeyboard.R$style
com.menny.android.anysoftkeyboard.R$styleable:
    public static final int AnyKeyboardBaseView_android_background
    public static final int AnyKeyboardBaseView_android_paddingBottom
    public static final int AnyKeyboardBaseView_android_paddingLeft
    public static final int AnyKeyboardBaseView_android_paddingRight
    public static final int AnyKeyboardBaseView_android_paddingTop
    public static final int AnyKeyboardBaseView_backgroundDimAmount
    public static final int AnyKeyboardBaseView_keyBackground
    public static final int AnyKeyboardBaseView_keyHorizontalGap
    public static final int AnyKeyboardBaseView_keyHysteresisDistance
    public static final int AnyKeyboardBaseView_keyLargeHeight
    public static final int AnyKeyboardBaseView_keyNormalHeight
    public static final int AnyKeyboardBaseView_keyPreviewBackground
    public static final int AnyKeyboardBaseView_keyPreviewLabelTextSize
    public static final int AnyKeyboardBaseView_keyPreviewOffset
    public static final int AnyKeyboardBaseView_keyPreviewTextColor
    public static final int AnyKeyboardBaseView_keyPreviewTextSize
    public static final int AnyKeyboardBaseView_keySmallHeight
    public static final int AnyKeyboardBaseView_keyTextColor
    public static final int AnyKeyboardBaseView_keyTextSize
    public static final int AnyKeyboardBaseView_keyTextStyle
    public static final int AnyKeyboardBaseView_keyVerticalGap
    public static final int AnyKeyboardBaseView_labelTextSize
com.menny.android.anysoftkeyboard.R$xml
...
com.anysoftkeyboard.devicespecific.FactoryView_V7$DeviceSpecific_V7:
    36:42:public com.anysoftkeyboard.devicespecific.MultiTouchSupportLevel getMultiTouchSupportLevel(android.content.Context)
com.anysoftkeyboard.devicespecific.FactoryView_V8$DeviceSpecific_V8:
    45:54:public com.anysoftkeyboard.devicespecific.MultiTouchSupportLevel getMultiTouchSupportLevel(android.content.Context)
com.anysoftkeyboard.devicespecific.MultiTouchSupportLevel
com.anysoftkeyboard.dictionaries.AndroidUserDictionary:
    private static final int INDEX_WORD
    private static final int INDEX_FREQUENCY
com.anysoftkeyboard.dictionaries.AutoDictionary:
    protected static final java.lang.String TAG
    public static final int FREQUENCY_FOR_PICKED
    public static final int FREQUENCY_FOR_TYPED
    public static final int FREQUENCY_FOR_AUTO_ADD
    private static final int VALIDITY_THRESHOLD
    private static final int PROMOTION_THRESHOLD
    private static final java.lang.String DATABASE_NAME
    private static final int DATABASE_VERSION
    private static final java.lang.String COLUMN_ID
    private static final java.lang.String COLUMN_WORD
    private static final java.lang.String COLUMN_FREQUENCY
    private static final java.lang.String COLUMN_LOCALE
    public static final java.lang.String DEFAULT_SORT_ORDER
    private static final java.lang.String AUTODICT_TABLE_NAME
com.anysoftkeyboard.dictionaries.AutoText:
    private static final int TRIE_C
    private static final int TRIE_OFF
    private static final int TRIE_CHILD
    private static final int TRIE_NEXT
    private static final int TRIE_SIZEOF
    private static final char TRIE_NULL
    private static final int TRIE_ROOT
    private static final int INCREMENT
    private static final int DEFAULT
    private static final int RIGHT
com.anysoftkeyboard.dictionaries.BinaryDictionary:
    private static final java.lang.String TAG
    public static final int MAX_WORD_LENGTH
    private static final int MAX_ALTERNATIVES
    private static final int MAX_WORDS
    private static final int TYPED_LETTER_MULTIPLIER
    private static final boolean ENABLE_MISSED_CHARACTERS
com.anysoftkeyboard.dictionaries.ContactsDictionary
com.anysoftkeyboard.dictionaries.ContactsDictionary$1
com.anysoftkeyboard.dictionaries.Dictionary:
    protected static final boolean INCLUDE_TYPED_WORD_IF_VALID
    protected static final int FULL_WORD_FREQ_MULTIPLIER
    85:85:public java.lang.String getDictionaryName()
com.anysoftkeyboard.dictionaries.DictionaryAddOnAndBuilder:
    private static final java.lang.String DICTIONARY_PREF_PREFIX
    private static final int INVALID_RES_ID
    46:46:public int getAutoTextResId()
com.anysoftkeyboard.dictionaries.DictionaryFactory:
    private static final java.lang.String TAG
    48:48:public synchronized com.anysoftkeyboard.dictionaries.AddableDictionary createContactsDictionary(com.anysoftkeyboard.AnyKeyboardContextProvider)
com.anysoftkeyboard.dictionaries.DictionaryFactoryAPI5:
    private static final java.lang.String TAG
    private com.anysoftkeyboard.dictionaries.AddableDictionary mContactsDictionary
    16:28:public synchronized com.anysoftkeyboard.dictionaries.AddableDictionary createContactsDictionary(com.anysoftkeyboard.AnyKeyboardContextProvider)
com.anysoftkeyboard.dictionaries.DictionarySQLiteConnection:
    private static final java.lang.String TAG
com.anysoftkeyboard.dictionaries.ExternalDictionaryFactory:
    private static final java.lang.String TAG
    private static final java.lang.String XML_LANGUAGE_ATTRIBUTE
    private static final java.lang.String XML_ASSETS_ATTRIBUTE
    private static final java.lang.String XML_RESOURCE_ATTRIBUTE
    private static final java.lang.String XML_AUTO_TEXT_RESOURCE_ATTRIBUTE